{
  "RSpec": {
    "coverage": {
      "/home/m/Desktop/bookstore-backend/spec/commands/authenticate_user_command_spec.rb": [
        null,
        null,
        1,
        null,
        0,
        0,
        null,
        0,
        null,
        0,
        0,
        0,
        null,
        0,
        0,
        null,
        null,
        null,
        null,
        0,
        null,
        0,
        0,
        null,
        null,
        0,
        0,
        null,
        0,
        0,
        null,
        null,
        0,
        0,
        null,
        0,
        0,
        null,
        null
      ],
      "/home/m/Desktop/bookstore-backend/spec/rails_helper.rb": [
        null,
        null,
        1,
        1,
        1,
        null,
        0,
        0,
        null,
        0,
        null,
        0,
        null,
        0,
        0,
        0,
        0,
        null,
        null,
        null,
        0,
        0,
        0,
        0,
        null,
        0,
        0,
        0,
        null,
        null,
        0,
        0,
        0,
        null,
        null,
        null,
        0,
        null
      ],
      "/home/m/Desktop/bookstore-backend/config/environment.rb": [
        null,
        1,
        null,
        null,
        0
      ],
      "/home/m/Desktop/bookstore-backend/config/application.rb": [
        1,
        null,
        0,
        null,
        0,
        0,
        0,
        0,
        null,
        0,
        null,
        null,
        null,
        null,
        null,
        null,
        0,
        null,
        0,
        0,
        null,
        0,
        null,
        null,
        null,
        null,
        null,
        null,
        null,
        null,
        0,
        null,
        null
      ],
      "/home/m/Desktop/bookstore-backend/config/boot.rb": [
        1,
        null,
        1
      ]
    },
    "timestamp": 1563876357
  }
}
